<?xml version="1.0" encoding="UTF-8"?>
<testsuite xmlns:xsi="http://www.w3.org/2001/XMLSchema-instance" xsi:noNamespaceSchemaLocation="https://maven.apache.org/surefire/maven-surefire-plugin/xsd/surefire-test-report.xsd" name="com.exampl.AccountNegativTest" time="0.437" tests="6" errors="0" skipped="0" failures="0">
  <properties>
    <property name="sun.desktop" value="windows"/>
    <property name="awt.toolkit" value="sun.awt.windows.WToolkit"/>
    <property name="java.specification.version" value="11"/>
    <property name="sun.cpu.isalist" value="amd64"/>
    <property name="sun.jnu.encoding" value="Cp1251"/>
    <property name="java.class.path" value="C:\Users\Mariya\IdeaProjects\Sprint_4\target\test-classes;C:\Users\Mariya\IdeaProjects\Sprint_4\target\classes;C:\Users\Mariya\.m2\repository\junit\junit\4.13.2\junit-4.13.2.jar;C:\Users\Mariya\.m2\repository\org\hamcrest\hamcrest-core\1.3\hamcrest-core-1.3.jar;C:\Users\Mariya\.m2\repository\io\qameta\allure\allure-junit4\2.15.0\allure-junit4-2.15.0.jar;C:\Users\Mariya\.m2\repository\io\qameta\allure\allure-java-commons\2.15.0\allure-java-commons-2.15.0.jar;C:\Users\Mariya\.m2\repository\org\slf4j\slf4j-api\1.7.30\slf4j-api-1.7.30.jar;C:\Users\Mariya\.m2\repository\io\qameta\allure\allure-model\2.15.0\allure-model-2.15.0.jar;"/>
    <property name="java.vm.vendor" value="Amazon.com Inc."/>
    <property name="sun.arch.data.model" value="64"/>
    <property name="user.variant" value=""/>
    <property name="java.vendor.url" value="https://aws.amazon.com/corretto/"/>
    <property name="user.timezone" value="Europe/Moscow"/>
    <property name="java.vm.specification.version" value="11"/>
    <property name="os.name" value="Windows 10"/>
    <property name="sun.java.launcher" value="SUN_STANDARD"/>
    <property name="user.country" value="RU"/>
    <property name="sun.boot.library.path" value="C:\Program Files\Amazon Corretto\jdk11.0.13_8\bin"/>
    <property name="sun.java.command" value="C:\cygwin64\tmp\surefire10202579621031916383\surefirebooter10129627222617906949.jar C:\cygwin64\tmp\surefire10202579621031916383 2021-12-22T15-40-33_623-jvmRun1 surefire430120407761735344tmp surefire_0675664978603953791tmp"/>
    <property name="jdk.debug" value="release"/>
    <property name="surefire.test.class.path" value="C:\Users\Mariya\IdeaProjects\Sprint_4\target\test-classes;C:\Users\Mariya\IdeaProjects\Sprint_4\target\classes;C:\Users\Mariya\.m2\repository\junit\junit\4.13.2\junit-4.13.2.jar;C:\Users\Mariya\.m2\repository\org\hamcrest\hamcrest-core\1.3\hamcrest-core-1.3.jar;C:\Users\Mariya\.m2\repository\io\qameta\allure\allure-junit4\2.15.0\allure-junit4-2.15.0.jar;C:\Users\Mariya\.m2\repository\io\qameta\allure\allure-java-commons\2.15.0\allure-java-commons-2.15.0.jar;C:\Users\Mariya\.m2\repository\org\slf4j\slf4j-api\1.7.30\slf4j-api-1.7.30.jar;C:\Users\Mariya\.m2\repository\io\qameta\allure\allure-model\2.15.0\allure-model-2.15.0.jar;"/>
    <property name="allure.results.directory" value="C:\Users\Mariya\IdeaProjects\Sprint_4\target/allure-results"/>
    <property name="sun.cpu.endian" value="little"/>
    <property name="user.home" value="C:\Users\Mariya"/>
    <property name="user.language" value="ru"/>
    <property name="java.specification.vendor" value="Oracle Corporation"/>
    <property name="java.version.date" value="2021-10-19"/>
    <property name="java.home" value="C:\Program Files\Amazon Corretto\jdk11.0.13_8"/>
    <property name="file.separator" value="\"/>
    <property name="basedir" value="C:\Users\Mariya\IdeaProjects\Sprint_4"/>
    <property name="java.vm.compressedOopsMode" value="Zero based"/>
    <property name="line.separator" value="&#10;"/>
    <property name="java.specification.name" value="Java Platform API Specification"/>
    <property name="java.vm.specification.vendor" value="Oracle Corporation"/>
    <property name="java.awt.graphicsenv" value="sun.awt.Win32GraphicsEnvironment"/>
    <property name="surefire.real.class.path" value="C:\cygwin64\tmp\surefire10202579621031916383\surefirebooter10129627222617906949.jar"/>
    <property name="user.script" value=""/>
    <property name="sun.management.compiler" value="HotSpot 64-Bit Tiered Compilers"/>
    <property name="java.runtime.version" value="11.0.13+8-LTS"/>
    <property name="user.name" value="Mariya"/>
    <property name="path.separator" value=";"/>
    <property name="os.version" value="10.0"/>
    <property name="java.runtime.name" value="OpenJDK Runtime Environment"/>
    <property name="file.encoding" value="Cp1251"/>
    <property name="java.vm.name" value="OpenJDK 64-Bit Server VM"/>
    <property name="java.vendor.version" value="Corretto-11.0.13.8.1"/>
    <property name="localRepository" value="C:\Users\Mariya\.m2\repository"/>
    <property name="java.vendor.url.bug" value="https://github.com/corretto/corretto-11/issues/"/>
    <property name="java.io.tmpdir" value="C:\cygwin64\tmp\"/>
    <property name="java.version" value="11.0.13"/>
    <property name="user.dir" value="C:\Users\Mariya\IdeaProjects\Sprint_4"/>
    <property name="os.arch" value="amd64"/>
    <property name="java.vm.specification.name" value="Java Virtual Machine Specification"/>
    <property name="java.awt.printerjob" value="sun.awt.windows.WPrinterJob"/>
    <property name="sun.os.patch.level" value=""/>
    <property name="java.library.path" value="C:\Program Files\Amazon Corretto\jdk11.0.13_8\bin;C:\Windows\Sun\Java\bin;C:\Windows\system32;C:\Windows;C:\cygwin64\usr\local\bin;C:\cygwin64\bin;C:\Program Files\Amazon Corretto\jdk11.0.13_8\bin;C:\Windows\system32;C:\Windows;C:\Windows\System32\Wbem;C:\Windows\System32\WindowsPowerShell\v1.0;C:\Windows\System32\OpenSSH;C:\Program Files (x86)\Common Files\Acronis\SnapAPI;C:\apache-maven-3.8.4\bin;C:\WebDriver\bin;C:\Program Files\Git\cmd;C:\allure-commandline-2.15.0\allure-2.15.0\bin;C:\Program Files\Docker\Docker\resources\bin;C:\ProgramData\DockerDesktop\version-bin;C:\Users\Mariya\AppData\Local\Microsoft\WindowsApps;."/>
    <property name="java.vm.info" value="mixed mode"/>
    <property name="java.vendor" value="Amazon.com Inc."/>
    <property name="java.vm.version" value="11.0.13+8-LTS"/>
    <property name="sun.io.unicode.encoding" value="UnicodeLittle"/>
    <property name="java.class.version" value="55.0"/>
  </properties>
  <testcase name="checkNegativNameToPrintTest[0]" classname="com.exampl.AccountNegativTest" time="0.272"/>
  <testcase name="checkNegativNameToPrintTest[1]" classname="com.exampl.AccountNegativTest" time="0"/>
  <testcase name="checkNegativNameToPrintTest[2]" classname="com.exampl.AccountNegativTest" time="0"/>
  <testcase name="checkNegativNameToPrintTest[3]" classname="com.exampl.AccountNegativTest" time="0"/>
  <testcase name="checkNegativNameToPrintTest[4]" classname="com.exampl.AccountNegativTest" time="0.015"/>
  <testcase name="checkNegativNameToPrintTest[5]" classname="com.exampl.AccountNegativTest" time="0"/>
</testsuite>